[0519/162454:ERROR:process_info.cc(608)] range at 0xfffde000, size 0x230 fully unreadable
[0519/162454:ERROR:process_info.cc(608)] range at 0xfffdd000, size 0xf84 fully unreadable
[0519/162454:ERROR:process_info.cc(608)] range at 0xfffda000, size 0xf84 fully unreadable
[0519/162454:ERROR:process_info.cc(608)] range at 0xfffd7000, size 0xf84 fully unreadable
[0519/162454:ERROR:process_info.cc(608)] range at 0xfffaf000, size 0xf84 fully unreadable
[0519/162454:ERROR:process_info.cc(608)] range at 0xfffac000, size 0xf84 fully unreadable
[0519/162454:ERROR:process_info.cc(608)] range at 0xfffa9000, size 0xf84 fully unreadable
[0519/162454:ERROR:process_info.cc(608)] range at 0xfffa6000, size 0xf84 fully unreadable
[0519/162454:ERROR:process_info.cc(608)] range at 0xfffa3000, size 0xf84 fully unreadable
[0519/162454:ERROR:process_info.cc(608)] range at 0xfffa0000, size 0xf84 fully unreadable
[0519/162454:ERROR:process_info.cc(608)] range at 0xfff9d000, size 0xf84 fully unreadable
[0519/162454:ERROR:process_info.cc(608)] range at 0xfff9a000, size 0xf84 fully unreadable
[0519/162454:ERROR:process_info.cc(608)] range at 0xfff97000, size 0xf84 fully unreadable
[0519/162454:ERROR:process_info.cc(608)] range at 0xfff94000, size 0xf84 fully unreadable
[0519/162454:ERROR:process_info.cc(608)] range at 0xfff91000, size 0xf84 fully unreadable
[0519/162454:ERROR:process_reader_win.cc(232)] ReadMemory at 0x12a0000 of 64 bytes failed: Only part of a ReadProcessMemory or WriteProcessMemory request was completed. (0x12B)
[0519/162454:WARNING:pe_image_reader.cc(280)] could not read dos header from C:\Program Files (x86)\Google\Chrome\Application\chrome.exe
[0519/162454:ERROR:process_reader_win.cc(232)] ReadMemory at 0x77d60000 of 64 bytes failed: Only part of a ReadProcessMemory or WriteProcessMemory request was completed. (0x12B)
[0519/162454:WARNING:pe_image_reader.cc(280)] could not read dos header from C:\windows\SysWOW64\ntdll.dll
[0519/162454:ERROR:process_reader_win.cc(232)] ReadMemory at 0x777b0000 of 64 bytes failed: Only part of a ReadProcessMemory or WriteProcessMemory request was completed. (0x12B)
[0519/162454:WARNING:pe_image_reader.cc(280)] could not read dos header from C:\windows\syswow64\KERNELBASE.dll
[0519/162454:ERROR:process_reader_win.cc(232)] ReadMemory at 0x75c60000 of 64 bytes failed: Only part of a ReadProcessMemory or WriteProcessMemory request was completed. (0x12B)
[0519/162454:WARNING:pe_image_reader.cc(280)] could not read dos header from C:\windows\syswow64\kernel32.dll
[0519/162454:ERROR:process_reader_win.cc(232)] ReadMemory at 0x75ae0000 of 64 bytes failed: Only part of a ReadProcessMemory or WriteProcessMemory request was completed. (0x12B)
[0519/162454:WARNING:pe_image_reader.cc(280)] could not read dos header from C:\windows\syswow64\msvcrt.dll
[0519/162454:ERROR:process_reader_win.cc(232)] ReadMemory at 0x756a0000 of 64 bytes failed: Only part of a ReadProcessMemory or WriteProcessMemory request was completed. (0x12B)
[0519/162454:WARNING:pe_image_reader.cc(280)] could not read dos header from C:\windows\syswow64\CRYPTBASE.dll
[0519/162454:ERROR:process_reader_win.cc(232)] ReadMemory at 0x756b0000 of 64 bytes failed: Only part of a ReadProcessMemory or WriteProcessMemory request was completed. (0x12B)
[0519/162454:WARNING:pe_image_reader.cc(280)] could not read dos header from C:\windows\syswow64\SspiCli.dll
[0519/162454:ERROR:process_reader_win.cc(232)] ReadMemory at 0x75720000 of 64 bytes failed: Only part of a ReadProcessMemory or WriteProcessMemory request was completed. (0x12B)
[0519/162454:WARNING:pe_image_reader.cc(280)] could not read dos header from C:\windows\syswow64\RPCRT4.dll
[0519/162454:ERROR:process_reader_win.cc(232)] ReadMemory at 0x77720000 of 64 bytes failed: Only part of a ReadProcessMemory or WriteProcessMemory request was completed. (0x12B)
[0519/162454:WARNING:pe_image_reader.cc(280)] could not read dos header from C:\windows\SysWOW64\sechost.dll
[0519/162454:ERROR:process_reader_win.cc(232)] ReadMemory at 0x767f0000 of 64 bytes failed: Only part of a ReadProcessMemory or WriteProcessMemory request was completed. (0x12B)
[0519/162454:WARNING:pe_image_reader.cc(280)] could not read dos header from C:\windows\syswow64\ADVAPI32.dll
[0519/162454:ERROR:process_reader_win.cc(232)] ReadMemory at 0x686a0000 of 64 bytes failed: Only part of a ReadProcessMemory or WriteProcessMemory request was completed. (0x12B)
[0519/162454:WARNING:pe_image_reader.cc(280)] could not read dos header from C:\Program Files (x86)\Google\Chrome\Application\50.0.2661.102\chrome_elf.dll
[0519/162454:ERROR:process_reader_win.cc(232)] ReadMemory at 0x755c0000 of 64 bytes failed: Only part of a ReadProcessMemory or WriteProcessMemory request was completed. (0x12B)
[0519/162454:WARNING:pe_image_reader.cc(280)] could not read dos header from C:\windows\system32\VERSION.dll
[0519/162454:ERROR:process_reader_win.cc(232)] ReadMemory at 0x75e70000 of 64 bytes failed: Only part of a ReadProcessMemory or WriteProcessMemory request was completed. (0x12B)
[0519/162454:WARNING:pe_image_reader.cc(280)] could not read dos header from C:\windows\syswow64\USP10.dll
[0519/162454:ERROR:process_reader_win.cc(232)] ReadMemory at 0x77520000 of 64 bytes failed: Only part of a ReadProcessMemory or WriteProcessMemory request was completed. (0x12B)
[0519/162454:WARNING:pe_image_reader.cc(280)] could not read dos header from C:\windows\syswow64\LPK.dll
[0519/162454:ERROR:process_reader_win.cc(232)] ReadMemory at 0x77800000 of 64 bytes failed: Only part of a ReadProcessMemory or WriteProcessMemory request was completed. (0x12B)
[0519/162454:WARNING:pe_image_reader.cc(280)] could not read dos header from C:\windows\syswow64\GDI32.dll
[0519/162454:ERROR:process_reader_win.cc(232)] ReadMemory at 0x75d70000 of 64 bytes failed: Only part of a ReadProcessMemory or WriteProcessMemory request was completed. (0x12B)
[0519/162454:WARNING:pe_image_reader.cc(280)] could not read dos header from C:\windows\syswow64\USER32.dll
[0519/162454:ERROR:process_reader_win.cc(232)] ReadMemory at 0x71970000 of 64 bytes failed: Only part of a ReadProcessMemory or WriteProcessMemory request was completed. (0x12B)
[0519/162454:WARNING:pe_image_reader.cc(280)] could not read dos header from C:\windows\system32\WINMM.dll
[0519/162454:ERROR:process_reader_win.cc(232)] ReadMemory at 0x761b0000 of 64 bytes failed: Only part of a ReadProcessMemory or WriteProcessMemory request was completed. (0x12B)
[0519/162454:WARNING:pe_image_reader.cc(280)] could not read dos header from C:\windows\syswow64\profapi.dll
[0519/162454:ERROR:process_reader_win.cc(232)] ReadMemory at 0x77700000 of 64 bytes failed: Only part of a ReadProcessMemory or WriteProcessMemory request was completed. (0x12B)
[0519/162454:WARNING:pe_image_reader.cc(280)] could not read dos header from C:\windows\syswow64\USERENV.dll
[0519/162454:ERROR:process_reader_win.cc(232)] ReadMemory at 0x755d0000 of 64 bytes failed: Only part of a ReadProcessMemory or WriteProcessMemory request was completed. (0x12B)
[0519/162454:WARNING:pe_image_reader.cc(280)] could not read dos header from C:\windows\system32\WTSAPI32.dll
[0519/162454:ERROR:process_reader_win.cc(232)] ReadMemory at 0x6d710000 of 64 bytes failed: Only part of a ReadProcessMemory or WriteProcessMemory request was completed. (0x12B)
[0519/162454:WARNING:pe_image_reader.cc(280)] could not read dos header from C:\windows\system32\webio.dll
[0519/162454:ERROR:process_reader_win.cc(232)] ReadMemory at 0x6d6a0000 of 64 bytes failed: Only part of a ReadProcessMemory or WriteProcessMemory request was completed. (0x12B)
[0519/162454:WARNING:pe_image_reader.cc(280)] could not read dos header from C:\windows\system32\WINHTTP.dll
[0519/162454:ERROR:process_reader_win.cc(232)] ReadMemory at 0x75180000 of 64 bytes failed: Only part of a ReadProcessMemory or WriteProcessMemory request was completed. (0x12B)
[0519/162454:WARNING:pe_image_reader.cc(280)] could not read dos header from C:\windows\system32\apphelp.dll
[0519/162454:ERROR:process_reader_win.cc(232)] ReadMemory at 0x76150000 of 64 bytes failed: Only part of a ReadProcessMemory or WriteProcessMemory request was completed. (0x12B)
[0519/162454:WARNING:pe_image_reader.cc(280)] could not read dos header from C:\windows\syswow64\SHLWAPI.dll
[0519/162454:ERROR:process_reader_win.cc(232)] ReadMemory at 0x719c0000 of 64 bytes failed: Only part of a ReadProcessMemory or WriteProcessMemory request was completed. (0x12B)
[0519/162454:WARNING:pe_image_reader.cc(280)] could not read dos header from C:\windows\system32\UxTheme.dll
[0519/162454:ERROR:process_reader_win.cc(232)] ReadMemory at 0x74ea0000 of 64 bytes failed: Only part of a ReadProcessMemory or WriteProcessMemory request was completed. (0x12B)
[0519/162454:WARNING:pe_image_reader.cc(280)] could not read dos header from C:\windows\system32\samcli.dll
[0519/162454:ERROR:process_reader_win.cc(232)] ReadMemory at 0x75f10000 of 64 bytes failed: Only part of a ReadProcessMemory or WriteProcessMemory request was completed. (0x12B)
[0519/162454:WARNING:pe_image_reader.cc(280)] could not read dos header from C:\windows\syswow64\ole32.dll
[0519/162454:ERROR:process_reader_win.cc(232)] ReadMemory at 0x75ba0000 of 64 bytes failed: Only part of a ReadProcessMemory or WriteProcessMemory request was completed. (0x12B)
[0519/162454:WARNING:pe_image_reader.cc(280)] could not read dos header from C:\windows\syswow64\OLEAUT32.dll
[0519/162454:ERROR:process_reader_win.cc(232)] ReadMemory at 0x6c970000 of 64 bytes failed: Only part of a ReadProcessMemory or WriteProcessMemory request was completed. (0x12B)
[0519/162454:WARNING:pe_image_reader.cc(280)] could not read dos header from C:\windows\system32\MSACM32.dll
[0519/162454:ERROR:process_reader_win.cc(232)] ReadMemory at 0x768d0000 of 64 bytes failed: Only part of a ReadProcessMemory or WriteProcessMemory request was completed. (0x12B)
[0519/162454:WARNING:pe_image_reader.cc(280)] could not read dos header from C:\windows\syswow64\SHELL32.dll
[0519/162454:ERROR:process_reader_win.cc(232)] ReadMemory at 0x6b1d0000 of 64 bytes failed: Only part of a ReadProcessMemory or WriteProcessMemory request was completed. (0x12B)
[0519/162454:WARNING:pe_image_reader.cc(280)] could not read dos header from C:\windows\system32\sfc.dll
[0519/162454:ERROR:process_reader_win.cc(232)] ReadMemory at 0x6adb0000 of 64 bytes failed: Only part of a ReadProcessMemory or WriteProcessMemory request was completed. (0x12B)
[0519/162454:WARNING:pe_image_reader.cc(280)] could not read dos header from C:\windows\system32\sfc_os.DLL
[0519/162454:ERROR:process_reader_win.cc(232)] ReadMemory at 0x71d10000 of 64 bytes failed: Only part of a ReadProcessMemory or WriteProcessMemory request was completed. (0x12B)
[0519/162454:WARNING:pe_image_reader.cc(280)] could not read dos header from C:\windows\system32\dwmapi.dll
[0519/162454:ERROR:process_reader_win.cc(232)] ReadMemory at 0x761c0000 of 64 bytes failed: Only part of a ReadProcessMemory or WriteProcessMemory request was completed. (0x12B)
[0519/162454:WARNING:pe_image_reader.cc(280)] could not read dos header from C:\windows\syswow64\CFGMGR32.dll
[0519/162454:ERROR:process_reader_win.cc(232)] ReadMemory at 0x76130000 of 64 bytes failed: Only part of a ReadProcessMemory or WriteProcessMemory request was completed. (0x12B)
[0519/162454:WARNING:pe_image_reader.cc(280)] could not read dos header from C:\windows\syswow64\DEVOBJ.dll
[0519/162454:ERROR:process_reader_win.cc(232)] ReadMemory at 0x76230000 of 64 bytes failed: Only part of a ReadProcessMemory or WriteProcessMemory request was completed. (0x12B)
[0519/162454:WARNING:pe_image_reader.cc(280)] could not read dos header from C:\windows\syswow64\SETUPAPI.dll
[0519/162454:ERROR:process_reader_win.cc(232)] ReadMemory at 0x765d0000 of 64 bytes failed: Only part of a ReadProcessMemory or WriteProcessMemory request was completed. (0x12B)
[0519/162454:WARNING:pe_image_reader.cc(280)] could not read dos header from C:\windows\syswow64\api-ms-win-downlevel-ole32-l1-1-0.dll
[0519/162454:ERROR:process_reader_win.cc(232)] ReadMemory at 0x77d30000 of 64 bytes failed: Only part of a ReadProcessMemory or WriteProcessMemory request was completed. (0x12B)
[0519/162454:WARNING:pe_image_reader.cc(280)] could not read dos header from C:\windows\syswow64\api-ms-win-downlevel-shlwapi-l1-1-0.dll
[0519/162454:ERROR:process_reader_win.cc(232)] ReadMemory at 0x761f0000 of 64 bytes failed: Only part of a ReadProcessMemory or WriteProcessMemory request was completed. (0x12B)
[0519/162454:WARNING:pe_image_reader.cc(280)] could not read dos header from C:\windows\syswow64\api-ms-win-downlevel-advapi32-l1-1-0.dll
[0519/162454:ERROR:process_reader_win.cc(232)] ReadMemory at 0x77740000 of 64 bytes failed: Only part of a ReadProcessMemory or WriteProcessMemory request was completed. (0x12B)
[0519/162454:WARNING:pe_image_reader.cc(280)] could not read dos header from C:\windows\syswow64\api-ms-win-downlevel-user32-l1-1-0.dll
[0519/162454:ERROR:process_reader_win.cc(232)] ReadMemory at 0x75c50000 of 64 bytes failed: Only part of a ReadProcessMemory or WriteProcessMemory request was completed. (0x12B)
[0519/162454:WARNING:pe_image_reader.cc(280)] could not read dos header from C:\windows\syswow64\api-ms-win-downlevel-version-l1-1-0.dll
[0519/162454:ERROR:process_reader_win.cc(232)] ReadMemory at 0x75c40000 of 64 bytes failed: Only part of a ReadProcessMemory or WriteProcessMemory request was completed. (0x12B)
[0519/162454:WARNING:pe_image_reader.cc(280)] could not read dos header from C:\windows\syswow64\api-ms-win-downlevel-normaliz-l1-1-0.dll
[0519/162454:ERROR:process_reader_win.cc(232)] ReadMemory at 0x76120000 of 64 bytes failed: Only part of a ReadProcessMemory or WriteProcessMemory request was completed. (0x12B)
[0519/162454:WARNING:pe_image_reader.cc(280)] could not read dos header from C:\windows\syswow64\normaliz.DLL
[0519/162454:ERROR:process_reader_win.cc(232)] ReadMemory at 0x75810000 of 64 bytes failed: Only part of a ReadProcessMemory or WriteProcessMemory request was completed. (0x12B)
[0519/162454:WARNING:pe_image_reader.cc(280)] could not read dos header from C:\windows\syswow64\iertutil.dll
[0519/162454:ERROR:process_reader_win.cc(232)] ReadMemory at 0x765e0000 of 64 bytes failed: Only part of a ReadProcessMemory or WriteProcessMemory request was completed. (0x12B)
[0519/162454:WARNING:pe_image_reader.cc(280)] could not read dos header from C:\windows\syswow64\WININET.dll
[0519/162454:ERROR:process_reader_win.cc(232)] ReadMemory at 0x775b0000 of 64 bytes failed: Only part of a ReadProcessMemory or WriteProcessMemory request was completed. (0x12B)
[0519/162454:WARNING:pe_image_reader.cc(280)] could not read dos header from C:\windows\syswow64\urlmon.dll
[0519/162454:ERROR:process_reader_win.cc(232)] ReadMemory at 0x71dd0000 of 64 bytes failed: Only part of a ReadProcessMemory or WriteProcessMemory request was completed. (0x12B)
[0519/162454:WARNING:pe_image_reader.cc(280)] could not read dos header from C:\windows\system32\MPR.dll
[0519/162454:ERROR:process_reader_win.cc(232)] ReadMemory at 0x74960000 of 64 bytes failed: Only part of a ReadProcessMemory or WriteProcessMemory request was completed. (0x12B)
[0519/162454:WARNING:pe_image_reader.cc(280)] could not read dos header from C:\windows\AppPatch\AcGenral.DLL
[0519/162454:ERROR:process_reader_win.cc(232)] ReadMemory at 0x77890000 of 64 bytes failed: Only part of a ReadProcessMemory or WriteProcessMemory request was completed. (0x12B)
[0519/162454:WARNING:pe_image_reader.cc(280)] could not read dos header from C:\windows\syswow64\MSCTF.dll
[0519/162454:ERROR:process_reader_win.cc(232)] ReadMemory at 0x77750000 of 64 bytes failed: Only part of a ReadProcessMemory or WriteProcessMemory request was completed. (0x12B)
[0519/162454:WARNING:pe_image_reader.cc(280)] could not read dos header from C:\windows\system32\IMM32.DLL
[0519/162454:ERROR:process_reader_win.cc(232)] ReadMemory at 0x75c30000 of 64 bytes failed: Only part of a ReadProcessMemory or WriteProcessMemory request was completed. (0x12B)
[0519/162454:WARNING:pe_image_reader.cc(280)] could not read dos header from C:\windows\syswow64\PSAPI.DLL
[0519/162454:ERROR:process_reader_win.cc(232)] ReadMemory at 0x6db30000 of 64 bytes failed: Only part of a ReadProcessMemory or WriteProcessMemory request was completed. (0x12B)
[0519/162454:WARNING:pe_image_reader.cc(280)] could not read dos header from c:\program files (x86)\f-secure\hips\fshook32.dll
[0519/162454:ERROR:process_reader_win.cc(232)] ReadMemory at 0x71d30000 of 64 bytes failed: Only part of a ReadProcessMemory or WriteProcessMemory request was completed. (0x12B)
[0519/162454:WARNING:pe_image_reader.cc(280)] could not read dos header from C:\windows\system32\WINSPOOL.DRV
[0519/162454:ERROR:process_reader_win.cc(232)] ReadMemory at 0x70790000 of 64 bytes failed: Only part of a ReadProcessMemory or WriteProcessMemory request was completed. (0x12B)
[0519/162454:WARNING:pe_image_reader.cc(280)] could not read dos header from C:\windows\WinSxS\x86_microsoft.windows.common-controls_6595b64144ccf1df_6.0.7601.18837_none_41e855142bd5705d\COMCTL32.dll
[0519/162454:ERROR:process_reader_win.cc(232)] ReadMemory at 0x77530000 of 64 bytes failed: Only part of a ReadProcessMemory or WriteProcessMemory request was completed. (0x12B)
[0519/162454:WARNING:pe_image_reader.cc(280)] could not read dos header from C:\windows\syswow64\COMDLG32.dll
[0519/162454:ERROR:process_reader_win.cc(232)] ReadMemory at 0x75b90000 of 64 bytes failed: Only part of a ReadProcessMemory or WriteProcessMemory request was completed. (0x12B)
[0519/162454:WARNING:pe_image_reader.cc(280)] could not read dos header from C:\windows\syswow64\NSI.dll
[0519/162454:ERROR:process_reader_win.cc(232)] ReadMemory at 0x75060000 of 64 bytes failed: Only part of a ReadProcessMemory or WriteProcessMemory request was completed. (0x12B)
[0519/162454:WARNING:pe_image_reader.cc(280)] could not read dos header from C:\windows\system32\WINNSI.DLL
[0519/162454:ERROR:process_reader_win.cc(232)] ReadMemory at 0x75070000 of 64 bytes failed: Only part of a ReadProcessMemory or WriteProcessMemory request was completed. (0x12B)
[0519/162454:WARNING:pe_image_reader.cc(280)] could not read dos header from C:\windows\system32\IPHLPAPI.DLL
[0519/162454:ERROR:process_reader_win.cc(232)] ReadMemory at 0x76590000 of 64 bytes failed: Only part of a ReadProcessMemory or WriteProcessMemory request was completed. (0x12B)
[0519/162454:WARNING:pe_image_reader.cc(280)] could not read dos header from C:\windows\syswow64\WS2_32.dll
[0519/162454:ERROR:process_reader_win.cc(232)] ReadMemory at 0x75710000 of 64 bytes failed: Only part of a ReadProcessMemory or WriteProcessMemory request was completed. (0x12B)
[0519/162454:WARNING:pe_image_reader.cc(280)] could not read dos header from C:\windows\syswow64\MSASN1.dll
[0519/162454:ERROR:process_reader_win.cc(232)] ReadMemory at 0x763d0000 of 64 bytes failed: Only part of a ReadProcessMemory or WriteProcessMemory request was completed. (0x12B)
[0519/162454:WARNING:pe_image_reader.cc(280)] could not read dos header from C:\windows\syswow64\CRYPT32.dll
[0519/162454:ERROR:process_reader_win.cc(232)] ReadMemory at 0x768a0000 of 64 bytes failed: Only part of a ReadProcessMemory or WriteProcessMemory request was completed. (0x12B)
[0519/162454:WARNING:pe_image_reader.cc(280)] could not read dos header from C:\windows\syswow64\WINTRUST.dll
[0519/162454:ERROR:process_reader_win.cc(232)] ReadMemory at 0x71e00000 of 64 bytes failed: Only part of a ReadProcessMemory or WriteProcessMemory request was completed. (0x12B)
[0519/162454:WARNING:pe_image_reader.cc(280)] could not read dos header from C:\windows\system32\Secur32.dll
[0519/162454:ERROR:process_reader_win.cc(232)] ReadMemory at 0xf790000 of 64 bytes failed: Only part of a ReadProcessMemory or WriteProcessMemory request was completed. (0x12B)
[0519/162454:WARNING:pe_image_reader.cc(280)] could not read dos header from C:\Program Files (x86)\Google\Chrome\Application\50.0.2661.102\chrome_child.dll
[0519/162454:ERROR:process_reader_win.cc(232)] ReadMemory at 0x658a0000 of 64 bytes failed: Only part of a ReadProcessMemory or WriteProcessMemory request was completed. (0x12B)
[0519/162454:WARNING:pe_image_reader.cc(280)] could not read dos header from C:\windows\system32\dwrite.dll
[0519/162454:ERROR:process_reader_win.cc(232)] ReadMemory at 0x12a0000 of 64 bytes failed: Only part of a ReadProcessMemory or WriteProcessMemory request was completed. (0x12B)
[0519/162454:WARNING:pe_image_reader.cc(280)] could not read dos header from C:\Program Files (x86)\Google\Chrome\Application\chrome.exe
[0519/162454:ERROR:process_reader_win.cc(232)] ReadMemory at 0x77d60000 of 64 bytes failed: Only part of a ReadProcessMemory or WriteProcessMemory request was completed. (0x12B)
[0519/162454:WARNING:pe_image_reader.cc(280)] could not read dos header from C:\windows\SysWOW64\ntdll.dll
[0519/162454:ERROR:process_reader_win.cc(232)] ReadMemory at 0x777b0000 of 64 bytes failed: Only part of a ReadProcessMemory or WriteProcessMemory request was completed. (0x12B)
[0519/162454:WARNING:pe_image_reader.cc(280)] could not read dos header from C:\windows\syswow64\KERNELBASE.dll
[0519/162454:ERROR:process_reader_win.cc(232)] ReadMemory at 0x75c60000 of 64 bytes failed: Only part of a ReadProcessMemory or WriteProcessMemory request was completed. (0x12B)
[0519/162454:WARNING:pe_image_reader.cc(280)] could not read dos header from C:\windows\syswow64\kernel32.dll
[0519/162454:ERROR:process_reader_win.cc(232)] ReadMemory at 0x75ae0000 of 64 bytes failed: Only part of a ReadProcessMemory or WriteProcessMemory request was completed. (0x12B)
[0519/162454:WARNING:pe_image_reader.cc(280)] could not read dos header from C:\windows\syswow64\msvcrt.dll
[0519/162454:ERROR:process_reader_win.cc(232)] ReadMemory at 0x756a0000 of 64 bytes failed: Only part of a ReadProcessMemory or WriteProcessMemory request was completed. (0x12B)
[0519/162454:WARNING:pe_image_reader.cc(280)] could not read dos header from C:\windows\syswow64\CRYPTBASE.dll
[0519/162454:ERROR:process_reader_win.cc(232)] ReadMemory at 0x756b0000 of 64 bytes failed: Only part of a ReadProcessMemory or WriteProcessMemory request was completed. (0x12B)
[0519/162454:WARNING:pe_image_reader.cc(280)] could not read dos header from C:\windows\syswow64\SspiCli.dll
[0519/162454:ERROR:process_reader_win.cc(232)] ReadMemory at 0x75720000 of 64 bytes failed: Only part of a ReadProcessMemory or WriteProcessMemory request was completed. (0x12B)
[0519/162454:WARNING:pe_image_reader.cc(280)] could not read dos header from C:\windows\syswow64\RPCRT4.dll
[0519/162454:ERROR:process_reader_win.cc(232)] ReadMemory at 0x77720000 of 64 bytes failed: Only part of a ReadProcessMemory or WriteProcessMemory request was completed. (0x12B)
[0519/162454:WARNING:pe_image_reader.cc(280)] could not read dos header from C:\windows\SysWOW64\sechost.dll
[0519/162454:ERROR:process_reader_win.cc(232)] ReadMemory at 0x767f0000 of 64 bytes failed: Only part of a ReadProcessMemory or WriteProcessMemory request was completed. (0x12B)
[0519/162454:WARNING:pe_image_reader.cc(280)] could not read dos header from C:\windows\syswow64\ADVAPI32.dll
[0519/162454:ERROR:process_reader_win.cc(232)] ReadMemory at 0x686a0000 of 64 bytes failed: Only part of a ReadProcessMemory or WriteProcessMemory request was completed. (0x12B)
[0519/162454:WARNING:pe_image_reader.cc(280)] could not read dos header from C:\Program Files (x86)\Google\Chrome\Application\50.0.2661.102\chrome_elf.dll
[0519/162454:ERROR:process_reader_win.cc(232)] ReadMemory at 0x755c0000 of 64 bytes failed: Only part of a ReadProcessMemory or WriteProcessMemory request was completed. (0x12B)
[0519/162454:WARNING:pe_image_reader.cc(280)] could not read dos header from C:\windows\system32\VERSION.dll
[0519/162454:ERROR:process_reader_win.cc(232)] ReadMemory at 0x75e70000 of 64 bytes failed: Only part of a ReadProcessMemory or WriteProcessMemory request was completed. (0x12B)
[0519/162454:WARNING:pe_image_reader.cc(280)] could not read dos header from C:\windows\syswow64\USP10.dll
[0519/162454:ERROR:process_reader_win.cc(232)] ReadMemory at 0x77520000 of 64 bytes failed: Only part of a ReadProcessMemory or WriteProcessMemory request was completed. (0x12B)
[0519/162454:WARNING:pe_image_reader.cc(280)] could not read dos header from C:\windows\syswow64\LPK.dll
[0519/162454:ERROR:process_reader_win.cc(232)] ReadMemory at 0x77800000 of 64 bytes failed: Only part of a ReadProcessMemory or WriteProcessMemory request was completed. (0x12B)
[0519/162454:WARNING:pe_image_reader.cc(280)] could not read dos header from C:\windows\syswow64\GDI32.dll
[0519/162454:ERROR:process_reader_win.cc(232)] ReadMemory at 0x75d70000 of 64 bytes failed: Only part of a ReadProcessMemory or WriteProcessMemory request was completed. (0x12B)
[0519/162454:WARNING:pe_image_reader.cc(280)] could not read dos header from C:\windows\syswow64\USER32.dll
[0519/162454:ERROR:process_reader_win.cc(232)] ReadMemory at 0x71970000 of 64 bytes failed: Only part of a ReadProcessMemory or WriteProcessMemory request was completed. (0x12B)
[0519/162454:WARNING:pe_image_reader.cc(280)] could not read dos header from C:\windows\system32\WINMM.dll
[0519/162454:ERROR:process_reader_win.cc(232)] ReadMemory at 0x761b0000 of 64 bytes failed: Only part of a ReadProcessMemory or WriteProcessMemory request was completed. (0x12B)
[0519/162454:WARNING:pe_image_reader.cc(280)] could not read dos header from C:\windows\syswow64\profapi.dll
[0519/162454:ERROR:process_reader_win.cc(232)] ReadMemory at 0x77700000 of 64 bytes failed: Only part of a ReadProcessMemory or WriteProcessMemory request was completed. (0x12B)
[0519/162454:WARNING:pe_image_reader.cc(280)] could not read dos header from C:\windows\syswow64\USERENV.dll
[0519/162454:ERROR:process_reader_win.cc(232)] ReadMemory at 0x755d0000 of 64 bytes failed: Only part of a ReadProcessMemory or WriteProcessMemory request was completed. (0x12B)
[0519/162454:WARNING:pe_image_reader.cc(280)] could not read dos header from C:\windows\system32\WTSAPI32.dll
[0519/162454:ERROR:process_reader_win.cc(232)] ReadMemory at 0x6d710000 of 64 bytes failed: Only part of a ReadProcessMemory or WriteProcessMemory request was completed. (0x12B)
[0519/162454:WARNING:pe_image_reader.cc(280)] could not read dos header from C:\windows\system32\webio.dll
[0519/162454:ERROR:process_reader_win.cc(232)] ReadMemory at 0x6d6a0000 of 64 bytes failed: Only part of a ReadProcessMemory or WriteProcessMemory request was completed. (0x12B)
[0519/162454:WARNING:pe_image_reader.cc(280)] could not read dos header from C:\windows\system32\WINHTTP.dll
[0519/162454:ERROR:process_reader_win.cc(232)] ReadMemory at 0x75180000 of 64 bytes failed: Only part of a ReadProcessMemory or WriteProcessMemory request was completed. (0x12B)
[0519/162454:WARNING:pe_image_reader.cc(280)] could not read dos header from C:\windows\system32\apphelp.dll
[0519/162454:ERROR:process_reader_win.cc(232)] ReadMemory at 0x76150000 of 64 bytes failed: Only part of a ReadProcessMemory or WriteProcessMemory request was completed. (0x12B)
[0519/162454:WARNING:pe_image_reader.cc(280)] could not read dos header from C:\windows\syswow64\SHLWAPI.dll
[0519/162454:ERROR:process_reader_win.cc(232)] ReadMemory at 0x719c0000 of 64 bytes failed: Only part of a ReadProcessMemory or WriteProcessMemory request was completed. (0x12B)
[0519/162454:WARNING:pe_image_reader.cc(280)] could not read dos header from C:\windows\system32\UxTheme.dll
[0519/162454:ERROR:process_reader_win.cc(232)] ReadMemory at 0x74ea0000 of 64 bytes failed: Only part of a ReadProcessMemory or WriteProcessMemory request was completed. (0x12B)
[0519/162454:WARNING:pe_image_reader.cc(280)] could not read dos header from C:\windows\system32\samcli.dll
[0519/162454:ERROR:process_reader_win.cc(232)] ReadMemory at 0x75f10000 of 64 bytes failed: Only part of a ReadProcessMemory or WriteProcessMemory request was completed. (0x12B)
[0519/162454:WARNING:pe_image_reader.cc(280)] could not read dos header from C:\windows\syswow64\ole32.dll
[0519/162454:ERROR:process_reader_win.cc(232)] ReadMemory at 0x75ba0000 of 64 bytes failed: Only part of a ReadProcessMemory or WriteProcessMemory request was completed. (0x12B)
[0519/162454:WARNING:pe_image_reader.cc(280)] could not read dos header from C:\windows\syswow64\OLEAUT32.dll
[0519/162454:ERROR:process_reader_win.cc(232)] ReadMemory at 0x6c970000 of 64 bytes failed: Only part of a ReadProcessMemory or WriteProcessMemory request was completed. (0x12B)
[0519/162454:WARNING:pe_image_reader.cc(280)] could not read dos header from C:\windows\system32\MSACM32.dll
[0519/162454:ERROR:process_reader_win.cc(232)] ReadMemory at 0x768d0000 of 64 bytes failed: Only part of a ReadProcessMemory or WriteProcessMemory request was completed. (0x12B)
[0519/162454:WARNING:pe_image_reader.cc(280)] could not read dos header from C:\windows\syswow64\SHELL32.dll
[0519/162454:ERROR:process_reader_win.cc(232)] ReadMemory at 0x6b1d0000 of 64 bytes failed: Only part of a ReadProcessMemory or WriteProcessMemory request was completed. (0x12B)
[0519/162454:WARNING:pe_image_reader.cc(280)] could not read dos header from C:\windows\system32\sfc.dll
[0519/162454:ERROR:process_reader_win.cc(232)] ReadMemory at 0x6adb0000 of 64 bytes failed: Only part of a ReadProcessMemory or WriteProcessMemory request was completed. (0x12B)
[0519/162454:WARNING:pe_image_reader.cc(280)] could not read dos header from C:\windows\system32\sfc_os.DLL
[0519/162454:ERROR:process_reader_win.cc(232)] ReadMemory at 0x71d10000 of 64 bytes failed: Only part of a ReadProcessMemory or WriteProcessMemory request was completed. (0x12B)
[0519/162454:WARNING:pe_image_reader.cc(280)] could not read dos header from C:\windows\system32\dwmapi.dll
[0519/162454:ERROR:process_reader_win.cc(232)] ReadMemory at 0x761c0000 of 64 bytes failed: Only part of a ReadProcessMemory or WriteProcessMemory request was completed. (0x12B)
[0519/162454:WARNING:pe_image_reader.cc(280)] could not read dos header from C:\windows\syswow64\CFGMGR32.dll
[0519/162454:ERROR:process_reader_win.cc(232)] ReadMemory at 0x76130000 of 64 bytes failed: Only part of a ReadProcessMemory or WriteProcessMemory request was completed. (0x12B)
[0519/162454:WARNING:pe_image_reader.cc(280)] could not read dos header from C:\windows\syswow64\DEVOBJ.dll
[0519/162454:ERROR:process_reader_win.cc(232)] ReadMemory at 0x76230000 of 64 bytes failed: Only part of a ReadProcessMemory or WriteProcessMemory request was completed. (0x12B)
[0519/162454:WARNING:pe_image_reader.cc(280)] could not read dos header from C:\windows\syswow64\SETUPAPI.dll
[0519/162454:ERROR:process_reader_win.cc(232)] ReadMemory at 0x765d0000 of 64 bytes failed: Only part of a ReadProcessMemory or WriteProcessMemory request was completed. (0x12B)
[0519/162454:WARNING:pe_image_reader.cc(280)] could not read dos header from C:\windows\syswow64\api-ms-win-downlevel-ole32-l1-1-0.dll
[0519/162454:ERROR:process_reader_win.cc(232)] ReadMemory at 0x77d30000 of 64 bytes failed: Only part of a ReadProcessMemory or WriteProcessMemory request was completed. (0x12B)
[0519/162454:WARNING:pe_image_reader.cc(280)] could not read dos header from C:\windows\syswow64\api-ms-win-downlevel-shlwapi-l1-1-0.dll
[0519/162454:ERROR:process_reader_win.cc(232)] ReadMemory at 0x761f0000 of 64 bytes failed: Only part of a ReadProcessMemory or WriteProcessMemory request was completed. (0x12B)
[0519/162454:WARNING:pe_image_reader.cc(280)] could not read dos header from C:\windows\syswow64\api-ms-win-downlevel-advapi32-l1-1-0.dll
[0519/162454:ERROR:process_reader_win.cc(232)] ReadMemory at 0x77740000 of 64 bytes failed: Only part of a ReadProcessMemory or WriteProcessMemory request was completed. (0x12B)
[0519/162454:WARNING:pe_image_reader.cc(280)] could not read dos header from C:\windows\syswow64\api-ms-win-downlevel-user32-l1-1-0.dll
[0519/162454:ERROR:process_reader_win.cc(232)] ReadMemory at 0x75c50000 of 64 bytes failed: Only part of a ReadProcessMemory or WriteProcessMemory request was completed. (0x12B)
[0519/162454:WARNING:pe_image_reader.cc(280)] could not read dos header from C:\windows\syswow64\api-ms-win-downlevel-version-l1-1-0.dll
[0519/162454:ERROR:process_reader_win.cc(232)] ReadMemory at 0x75c40000 of 64 bytes failed: Only part of a ReadProcessMemory or WriteProcessMemory request was completed. (0x12B)
[0519/162454:WARNING:pe_image_reader.cc(280)] could not read dos header from C:\windows\syswow64\api-ms-win-downlevel-normaliz-l1-1-0.dll
[0519/162454:ERROR:process_reader_win.cc(232)] ReadMemory at 0x76120000 of 64 bytes failed: Only part of a ReadProcessMemory or WriteProcessMemory request was completed. (0x12B)
[0519/162454:WARNING:pe_image_reader.cc(280)] could not read dos header from C:\windows\syswow64\normaliz.DLL
[0519/162454:ERROR:process_reader_win.cc(232)] ReadMemory at 0x75810000 of 64 bytes failed: Only part of a ReadProcessMemory or WriteProcessMemory request was completed. (0x12B)
[0519/162454:WARNING:pe_image_reader.cc(280)] could not read dos header from C:\windows\syswow64\iertutil.dll
[0519/162454:ERROR:process_reader_win.cc(232)] ReadMemory at 0x765e0000 of 64 bytes failed: Only part of a ReadProcessMemory or WriteProcessMemory request was completed. (0x12B)
[0519/162454:WARNING:pe_image_reader.cc(280)] could not read dos header from C:\windows\syswow64\WININET.dll
[0519/162454:ERROR:process_reader_win.cc(232)] ReadMemory at 0x775b0000 of 64 bytes failed: Only part of a ReadProcessMemory or WriteProcessMemory request was completed. (0x12B)
[0519/162454:WARNING:pe_image_reader.cc(280)] could not read dos header from C:\windows\syswow64\urlmon.dll
[0519/162454:ERROR:process_reader_win.cc(232)] ReadMemory at 0x71dd0000 of 64 bytes failed: Only part of a ReadProcessMemory or WriteProcessMemory request was completed. (0x12B)
[0519/162454:WARNING:pe_image_reader.cc(280)] could not read dos header from C:\windows\system32\MPR.dll
[0519/162454:ERROR:process_reader_win.cc(232)] ReadMemory at 0x74960000 of 64 bytes failed: Only part of a ReadProcessMemory or WriteProcessMemory request was completed. (0x12B)
[0519/162454:WARNING:pe_image_reader.cc(280)] could not read dos header from C:\windows\AppPatch\AcGenral.DLL
[0519/162454:ERROR:process_reader_win.cc(232)] ReadMemory at 0x77890000 of 64 bytes failed: Only part of a ReadProcessMemory or WriteProcessMemory request was completed. (0x12B)
[0519/162454:WARNING:pe_image_reader.cc(280)] could not read dos header from C:\windows\syswow64\MSCTF.dll
[0519/162454:ERROR:process_reader_win.cc(232)] ReadMemory at 0x77750000 of 64 bytes failed: Only part of a ReadProcessMemory or WriteProcessMemory request was completed. (0x12B)
[0519/162454:WARNING:pe_image_reader.cc(280)] could not read dos header from C:\windows\system32\IMM32.DLL
[0519/162454:ERROR:process_reader_win.cc(232)] ReadMemory at 0x75c30000 of 64 bytes failed: Only part of a ReadProcessMemory or WriteProcessMemory request was completed. (0x12B)
[0519/162454:WARNING:pe_image_reader.cc(280)] could not read dos header from C:\windows\syswow64\PSAPI.DLL
[0519/162454:ERROR:process_reader_win.cc(232)] ReadMemory at 0x6db30000 of 64 bytes failed: Only part of a ReadProcessMemory or WriteProcessMemory request was completed. (0x12B)
[0519/162454:WARNING:pe_image_reader.cc(280)] could not read dos header from c:\program files (x86)\f-secure\hips\fshook32.dll
[0519/162454:ERROR:process_reader_win.cc(232)] ReadMemory at 0x71d30000 of 64 bytes failed: Only part of a ReadProcessMemory or WriteProcessMemory request was completed. (0x12B)
[0519/162454:WARNING:pe_image_reader.cc(280)] could not read dos header from C:\windows\system32\WINSPOOL.DRV
[0519/162454:ERROR:process_reader_win.cc(232)] ReadMemory at 0x70790000 of 64 bytes failed: Only part of a ReadProcessMemory or WriteProcessMemory request was completed. (0x12B)
[0519/162454:WARNING:pe_image_reader.cc(280)] could not read dos header from C:\windows\WinSxS\x86_microsoft.windows.common-controls_6595b64144ccf1df_6.0.7601.18837_none_41e855142bd5705d\COMCTL32.dll
[0519/162454:ERROR:process_reader_win.cc(232)] ReadMemory at 0x77530000 of 64 bytes failed: Only part of a ReadProcessMemory or WriteProcessMemory request was completed. (0x12B)
[0519/162454:WARNING:pe_image_reader.cc(280)] could not read dos header from C:\windows\syswow64\COMDLG32.dll
[0519/162454:ERROR:process_reader_win.cc(232)] ReadMemory at 0x75b90000 of 64 bytes failed: Only part of a ReadProcessMemory or WriteProcessMemory request was completed. (0x12B)
[0519/162454:WARNING:pe_image_reader.cc(280)] could not read dos header from C:\windows\syswow64\NSI.dll
[0519/162454:ERROR:process_reader_win.cc(232)] ReadMemory at 0x75060000 of 64 bytes failed: Only part of a ReadProcessMemory or WriteProcessMemory request was completed. (0x12B)
[0519/162454:WARNING:pe_image_reader.cc(280)] could not read dos header from C:\windows\system32\WINNSI.DLL
[0519/162454:ERROR:process_reader_win.cc(232)] ReadMemory at 0x75070000 of 64 bytes failed: Only part of a ReadProcessMemory or WriteProcessMemory request was completed. (0x12B)
[0519/162454:WARNING:pe_image_reader.cc(280)] could not read dos header from C:\windows\system32\IPHLPAPI.DLL
[0519/162454:ERROR:process_reader_win.cc(232)] ReadMemory at 0x76590000 of 64 bytes failed: Only part of a ReadProcessMemory or WriteProcessMemory request was completed. (0x12B)
[0519/162454:WARNING:pe_image_reader.cc(280)] could not read dos header from C:\windows\syswow64\WS2_32.dll
[0519/162454:ERROR:process_reader_win.cc(232)] ReadMemory at 0x75710000 of 64 bytes failed: Only part of a ReadProcessMemory or WriteProcessMemory request was completed. (0x12B)
[0519/162454:WARNING:pe_image_reader.cc(280)] could not read dos header from C:\windows\syswow64\MSASN1.dll
[0519/162454:ERROR:process_reader_win.cc(232)] ReadMemory at 0x763d0000 of 64 bytes failed: Only part of a ReadProcessMemory or WriteProcessMemory request was completed. (0x12B)
[0519/162454:WARNING:pe_image_reader.cc(280)] could not read dos header from C:\windows\syswow64\CRYPT32.dll
[0519/162454:ERROR:process_reader_win.cc(232)] ReadMemory at 0x768a0000 of 64 bytes failed: Only part of a ReadProcessMemory or WriteProcessMemory request was completed. (0x12B)
[0519/162454:WARNING:pe_image_reader.cc(280)] could not read dos header from C:\windows\syswow64\WINTRUST.dll
[0519/162454:ERROR:process_reader_win.cc(232)] ReadMemory at 0x71e00000 of 64 bytes failed: Only part of a ReadProcessMemory or WriteProcessMemory request was completed. (0x12B)
[0519/162454:WARNING:pe_image_reader.cc(280)] could not read dos header from C:\windows\system32\Secur32.dll
[0519/162454:ERROR:process_reader_win.cc(232)] ReadMemory at 0xf790000 of 64 bytes failed: Only part of a ReadProcessMemory or WriteProcessMemory request was completed. (0x12B)
[0519/162454:WARNING:pe_image_reader.cc(280)] could not read dos header from C:\Program Files (x86)\Google\Chrome\Application\50.0.2661.102\chrome_child.dll
[0519/162454:ERROR:process_reader_win.cc(232)] ReadMemory at 0x658a0000 of 64 bytes failed: Only part of a ReadProcessMemory or WriteProcessMemory request was completed. (0x12B)
[0519/162454:WARNING:pe_image_reader.cc(280)] could not read dos header from C:\windows\system32\dwrite.dll
[0519/162454:ERROR:process_reader_win.cc(232)] ReadMemory at 0x2a6000 of 40960 bytes failed: Only part of a ReadProcessMemory or WriteProcessMemory request was completed. (0x12B)
[0519/162454:ERROR:crash_report_exception_handler.cc(102)] WriteEverything failed
[0519/162454:ERROR:scoped_process_suspend.cc(38)] NtResumeProcess, ntstatus=-1073741558
